TN:
SF:src/modules/audit/domain/audit-log.ts
FNF:0
FNH:0
LF:0
LH:0
BRF:0
BRH:0
end_of_record
TN:
SF:src/modules/audit/domain/ids.ts
FN:2,(anonymous_0)
FNF:1
FNH:0
FNDA:0,(anonymous_0)
DA:2,0
LF:1
LH:0
BRF:0
BRH:0
end_of_record
TN:
SF:src/modules/directory/adapters/memory/in-memory-role-repository.ts
FN:11,create
FN:23,findById
FN:30,findByName
FN:39,listByTenant
FN:49,rename
FN:57,delete
FNF:6
FNH:6
FNDA:35,create
FNDA:92,findById
FNDA:40,findByName
FNDA:2,listByTenant
FNDA:1,rename
FNDA:2,delete
DA:8,42
DA:9,42
DA:12,35
DA:13,35
DA:19,35
DA:20,35
DA:24,92
DA:25,92
DA:26,87
DA:27,83
DA:31,40
DA:32,11
DA:33,3
DA:36,37
DA:40,2
DA:41,2
DA:42,3
DA:43,2
DA:46,2
DA:50,1
DA:51,1
DA:52,1
DA:53,1
DA:54,1
DA:58,2
DA:59,2
DA:60,1
LF:27
LH:27
BRDA:25,0,0,5
BRDA:25,0,1,87
BRDA:26,1,0,4
BRDA:26,1,1,83
BRDA:32,2,0,3
BRDA:32,2,1,8
BRDA:32,3,0,11
BRDA:32,3,1,7
BRDA:42,4,0,2
BRDA:42,4,1,1
BRDA:51,5,0,0
BRDA:51,5,1,1
BRDA:59,6,0,1
BRDA:59,6,1,1
BRF:14
BRH:13
end_of_record
TN:
SF:src/modules/directory/adapters/memory/in-memory-tenant-repository.ts
FN:10,create
FN:21,findById
FNF:2
FNH:2
FNDA:1,create
FNDA:1,findById
DA:7,42
DA:8,42
DA:11,1
DA:12,1
DA:17,1
DA:18,1
DA:22,1
LF:7
LH:7
BRDA:22,0,0,1
BRDA:22,0,1,0
BRF:2
BRH:1
end_of_record
TN:
SF:src/modules/directory/adapters/memory/in-memory-user-repository.ts
FN:11,create
FN:30,findById
FN:37,findByEmail
FN:46,listByTenant
FN:56,updateProfile
FN:64,updateRole
FN:72,updateManagerId
FN:80,delete
FNF:8
FNH:8
FNDA:75,create
FNDA:250,findById
FNDA:80,findByEmail
FNDA:2,listByTenant
FNDA:1,updateProfile
FNDA:1,updateRole
FNDA:57,updateManagerId
FNDA:3,delete
DA:8,42
DA:9,42
DA:12,75
DA:13,75
DA:26,75
DA:27,75
DA:31,250
DA:32,250
DA:33,243
DA:34,241
DA:38,80
DA:39,1389
DA:40,2
DA:43,78
DA:47,2
DA:48,2
DA:49,2
DA:50,1
DA:53,2
DA:57,1
DA:58,1
DA:59,1
DA:60,1
DA:61,1
DA:65,1
DA:66,1
DA:67,1
DA:68,1
DA:69,1
DA:73,57
DA:74,57
DA:75,57
DA:76,57
DA:77,57
DA:81,3
DA:82,3
DA:83,2
LF:37
LH:37
BRDA:32,0,0,7
BRDA:32,0,1,243
BRDA:33,1,0,2
BRDA:33,1,1,241
BRDA:39,2,0,2
BRDA:39,2,1,1387
BRDA:39,3,0,1389
BRDA:39,3,1,1388
BRDA:49,4,0,1
BRDA:49,4,1,1
BRDA:58,5,0,0
BRDA:58,5,1,1
BRDA:66,6,0,0
BRDA:66,6,1,1
BRDA:74,7,0,0
BRDA:74,7,1,57
BRDA:82,8,0,2
BRDA:82,8,1,1
BRF:18
BRH:15
end_of_record
TN:
SF:src/modules/directory/application/errors.ts
FN:4,constructor
FN:11,constructor
FN:18,constructor
FN:25,constructor
FN:32,constructor
FN:39,constructor
FNF:6
FNH:6
FNDA:2,constructor
FNDA:1,constructor
FNDA:5,constructor
FNDA:3,constructor
FNDA:2,constructor
FNDA:3,constructor
DA:5,2
DA:6,2
DA:11,1
DA:12,1
DA:13,1
DA:18,5
DA:19,5
DA:20,5
DA:25,3
DA:26,3
DA:27,3
DA:32,2
DA:33,2
DA:34,2
DA:39,3
DA:40,3
DA:41,3
LF:17
LH:17
BRF:0
BRH:0
end_of_record
TN:
SF:src/modules/directory/application/role-service.ts
FN:8,constructor
FN:10,createRole
FN:18,findRoleById
FN:22,findRoleByName
FN:26,listRolesByTenant
FN:30,renameRole
FN:42,deleteRole
FNF:7
FNH:7
FNDA:42,constructor
FNDA:36,createRole
FNDA:4,findRoleById
FNDA:2,findRoleByName
FNDA:2,listRolesByTenant
FNDA:3,renameRole
FNDA:2,deleteRole
DA:8,42
DA:11,36
DA:12,36
DA:13,1
DA:15,35
DA:19,4
DA:23,2
DA:27,2
DA:31,3
DA:32,3
DA:33,1
DA:35,2
DA:36,2
DA:37,1
DA:39,1
DA:43,2
DA:44,2
DA:45,1
DA:47,1
LF:19
LH:19
BRDA:12,0,0,1
BRDA:12,0,1,35
BRDA:32,1,0,1
BRDA:32,1,1,2
BRDA:36,2,0,1
BRDA:36,2,1,1
BRDA:44,3,0,1
BRDA:44,3,1,1
BRF:8
BRH:8
end_of_record
TN:
SF:src/modules/directory/application/tenant-context.ts
FN:12,(anonymous_0)
FNF:1
FNH:1
FNDA:14,(anonymous_0)
DA:12,14
LF:1
LH:1
BRF:0
BRH:0
end_of_record
TN:
SF:src/modules/directory/application/user-service.ts
FN:11,constructor
FN:16,createUser
FN:37,findUserById
FN:41,findUserByEmail
FN:45,listUsersByTenant
FN:49,updateUserProfile
FN:57,assignRole
FN:69,setManager
FN:112,deleteUser
FNF:9
FNH:9
FNDA:42,constructor
FNDA:78,createUser
FNDA:4,findUserById
FNDA:2,findUserByEmail
FNDA:2,listUsersByTenant
FNDA:3,updateUserProfile
FNDA:3,assignRole
FNDA:62,setManager
FNDA:2,deleteUser
DA:8,7
DA:12,42
DA:13,42
DA:17,78
DA:18,78
DA:19,1
DA:22,77
DA:23,77
DA:24,1
DA:27,76
DA:28,2
DA:29,2
DA:30,1
DA:34,75
DA:38,4
DA:42,2
DA:46,2
DA:50,3
DA:51,3
DA:52,2
DA:54,1
DA:58,3
DA:59,3
DA:60,0
DA:62,3
DA:63,3
DA:64,2
DA:66,1
DA:70,62
DA:71,62
DA:72,0
DA:75,62
DA:76,1
DA:79,61
DA:80,1
DA:83,60
DA:84,60
DA:85,1
DA:88,59
DA:89,59
DA:91,59
DA:92,55
DA:93,2
DA:96,53
DA:97,1
DA:100,52
DA:101,52
DA:102,1
DA:105,51
DA:106,51
DA:109,56
DA:113,2
DA:114,2
DA:115,1
DA:117,1
LF:55
LH:53
BRDA:18,0,0,1
BRDA:18,0,1,77
BRDA:23,1,0,1
BRDA:23,1,1,76
BRDA:27,2,0,2
BRDA:27,2,1,74
BRDA:29,3,0,1
BRDA:29,3,1,1
BRDA:51,4,0,2
BRDA:51,4,1,1
BRDA:59,5,0,0
BRDA:59,5,1,3
BRDA:63,6,0,2
BRDA:63,6,1,1
BRDA:71,7,0,0
BRDA:71,7,1,62
BRDA:75,8,0,1
BRDA:75,8,1,61
BRDA:79,9,0,1
BRDA:79,9,1,60
BRDA:84,10,0,1
BRDA:84,10,1,59
BRDA:92,11,0,2
BRDA:92,11,1,53
BRDA:96,12,0,1
BRDA:96,12,1,52
BRDA:101,13,0,1
BRDA:101,13,1,51
BRDA:114,14,0,1
BRDA:114,14,1,1
BRF:30
BRH:28
end_of_record
TN:
SF:src/modules/directory/domain/ids.ts
FN:10,(anonymous_0)
FN:11,(anonymous_1)
FN:12,(anonymous_2)
FNF:3
FNH:3
FNDA:18,(anonymous_0)
FNDA:85,(anonymous_1)
FNDA:46,(anonymous_2)
DA:10,18
DA:11,85
DA:12,46
LF:3
LH:3
BRF:0
BRH:0
end_of_record
TN:
SF:src/modules/directory/domain/role.ts
FNF:0
FNH:0
LF:0
LH:0
BRF:0
BRH:0
end_of_record
TN:
SF:src/modules/directory/domain/tenant.ts
FNF:0
FNH:0
LF:0
LH:0
BRF:0
BRH:0
end_of_record
TN:
SF:src/modules/directory/domain/user.ts
FNF:0
FNH:0
LF:0
LH:0
BRF:0
BRH:0
end_of_record
TN:
SF:src/modules/directory/ports/role-repository.port.ts
FNF:0
FNH:0
LF:0
LH:0
BRF:0
BRH:0
end_of_record
TN:
SF:src/modules/directory/ports/tenant-repository.port.ts
FNF:0
FNH:0
LF:0
LH:0
BRF:0
BRH:0
end_of_record
TN:
SF:src/modules/directory/ports/user-repository.port.ts
FNF:0
FNH:0
LF:0
LH:0
BRF:0
BRH:0
end_of_record
TN:
SF:src/modules/policy/domain/ids.ts
FN:4,(anonymous_0)
FN:5,(anonymous_1)
FNF:2
FNH:0
FNDA:0,(anonymous_0)
FNDA:0,(anonymous_1)
DA:4,0
DA:5,0
LF:2
LH:0
BRF:0
BRH:0
end_of_record
TN:
SF:src/modules/policy/domain/policy-version.ts
FNF:0
FNH:0
LF:0
LH:0
BRF:0
BRH:0
end_of_record
TN:
SF:src/modules/policy/domain/policy.ts
FNF:0
FNH:0
LF:0
LH:0
BRF:0
BRH:0
end_of_record
